2020-03-06 15:42:53,715 [13] ERROR - Failed to log checkpoint status:
2020-03-06 15:42:53,715 [13] ERROR - System.Collections.Generic.KeyNotFoundException: La clé donnée était absente du dictionnaire.
   à System.Collections.Generic.Dictionary`2.get_Item(TKey key)
   à HP.ST.Fwk.RunTimeFWK.CheckpointFWK.ReportImpl.WriteCPToLog(Dictionary`2 reportData, ILog log)
   à HP.ST.Fwk.RunTimeFWK.CheckpointFWK.ReportImpl.ReportToInternalLog(ISTRunTimeContext context, Dictionary`2 reportData)
2020-03-06 15:42:53,762 [13] ERROR - Failed to log checkpoint status:
2020-03-06 15:42:53,762 [13] ERROR - System.Collections.Generic.KeyNotFoundException: La clé donnée était absente du dictionnaire.
   à System.Collections.Generic.Dictionary`2.get_Item(TKey key)
   à HP.ST.Fwk.RunTimeFWK.CheckpointFWK.ReportImpl.WriteCPToLog(Dictionary`2 reportData, ILog log)
   à HP.ST.Fwk.RunTimeFWK.CheckpointFWK.ReportImpl.ReportToInternalLog(ISTRunTimeContext context, Dictionary`2 reportData)
2020-03-06 15:42:53,824 [13] ERROR - Failed to log checkpoint status:
2020-03-06 15:42:53,824 [13] ERROR - System.Collections.Generic.KeyNotFoundException: La clé donnée était absente du dictionnaire.
   à System.Collections.Generic.Dictionary`2.get_Item(TKey key)
   à HP.ST.Fwk.RunTimeFWK.CheckpointFWK.ReportImpl.WriteCPToLog(Dictionary`2 reportData, ILog log)
   à HP.ST.Fwk.RunTimeFWK.CheckpointFWK.ReportImpl.ReportToInternalLog(ISTRunTimeContext context, Dictionary`2 reportData)
2020-03-06 15:42:53,902 [13] ERROR - Failed to log checkpoint status:
2020-03-06 15:42:53,902 [13] ERROR - System.Collections.Generic.KeyNotFoundException: La clé donnée était absente du dictionnaire.
   à System.Collections.Generic.Dictionary`2.get_Item(TKey key)
   à HP.ST.Fwk.RunTimeFWK.CheckpointFWK.ReportImpl.WriteCPToLog(Dictionary`2 reportData, ILog log)
   à HP.ST.Fwk.RunTimeFWK.CheckpointFWK.ReportImpl.ReportToInternalLog(ISTRunTimeContext context, Dictionary`2 reportData)
